INFO 2019-04-18 14:22:01,325 Loading dictionaries from /home/user/news_py_3_6/lib/python3.6/site-packages/pymorphy2_dicts/data
INFO 2019-04-18 14:22:01,388 format: 2.4, revision: 393442, updated: 2015-01-17T16:03:56.586168
INFO 2019-04-18 14:27:53,591 Loading dictionaries from /home/user/news_py_3_6/lib/python3.6/site-packages/pymorphy2_dicts/data
INFO 2019-04-18 14:27:53,650 format: 2.4, revision: 393442, updated: 2015-01-17T16:03:56.586168
INFO 2019-04-18 14:27:56,125 Loading dictionaries from /home/user/news_py_3_6/lib/python3.6/site-packages/pymorphy2_dicts/data
INFO 2019-04-18 14:27:56,189 format: 2.4, revision: 393442, updated: 2015-01-17T16:03:56.586168
INFO 2019-04-18 14:33:20,566 Loading dictionaries from /home/user/news_py_3_6/lib/python3.6/site-packages/pymorphy2_dicts/data
INFO 2019-04-18 14:33:20,635 format: 2.4, revision: 393442, updated: 2015-01-17T16:03:56.586168
INFO 2019-04-18 14:33:27,114 Loading dictionaries from /home/user/news_py_3_6/lib/python3.6/site-packages/pymorphy2_dicts/data
INFO 2019-04-18 14:33:27,172 format: 2.4, revision: 393442, updated: 2015-01-17T16:03:56.586168
WARNING 2019-04-18 14:34:35,921 Not Found: /
WARNING 2019-04-18 14:34:35,921 Not Found: /
WARNING 2019-04-18 14:34:35,924 Not Found: /
WARNING 2019-04-18 14:34:35,924 Not Found: /
WARNING 2019-04-18 14:34:39,349 Not Found: /favicon.ico
WARNING 2019-04-18 14:34:39,349 Not Found: /favicon.ico
WARNING 2019-04-18 14:34:39,353 Not Found: /favicon.ico
WARNING 2019-04-18 14:34:39,353 Not Found: /favicon.ico
INFO 2019-04-18 14:34:47,270 Loading dictionaries from /home/user/news_py_3_6/lib/python3.6/site-packages/pymorphy2_dicts/data
INFO 2019-04-18 14:34:47,337 format: 2.4, revision: 393442, updated: 2015-01-17T16:03:56.586168
WARNING 2019-04-18 14:34:47,756 Failed to retrieve tasks. Database unreachable.
DEBUG 2019-04-18 14:34:47,756 waiting for tasks
WARNING 2019-04-18 14:34:52,763 Failed to retrieve tasks. Database unreachable.
DEBUG 2019-04-18 14:34:52,763 waiting for tasks
WARNING 2019-04-18 14:34:57,773 Failed to retrieve tasks. Database unreachable.
DEBUG 2019-04-18 14:34:57,774 waiting for tasks
WARNING 2019-04-18 14:35:02,780 Failed to retrieve tasks. Database unreachable.
DEBUG 2019-04-18 14:35:02,781 waiting for tasks
WARNING 2019-04-18 14:35:07,785 Failed to retrieve tasks. Database unreachable.
DEBUG 2019-04-18 14:35:07,785 waiting for tasks
WARNING 2019-04-18 14:35:12,788 Failed to retrieve tasks. Database unreachable.
DEBUG 2019-04-18 14:35:12,788 waiting for tasks
WARNING 2019-04-18 14:35:17,794 Failed to retrieve tasks. Database unreachable.
DEBUG 2019-04-18 14:35:17,794 waiting for tasks
WARNING 2019-04-18 14:35:22,801 Failed to retrieve tasks. Database unreachable.
DEBUG 2019-04-18 14:35:22,801 waiting for tasks
WARNING 2019-04-18 14:35:27,806 Failed to retrieve tasks. Database unreachable.
DEBUG 2019-04-18 14:35:27,806 waiting for tasks
WARNING 2019-04-18 14:35:32,810 Failed to retrieve tasks. Database unreachable.
DEBUG 2019-04-18 14:35:32,810 waiting for tasks
WARNING 2019-04-18 14:35:37,817 Failed to retrieve tasks. Database unreachable.
DEBUG 2019-04-18 14:35:37,817 waiting for tasks
WARNING 2019-04-18 14:35:42,824 Failed to retrieve tasks. Database unreachable.
DEBUG 2019-04-18 14:35:42,824 waiting for tasks
WARNING 2019-04-18 14:35:47,830 Failed to retrieve tasks. Database unreachable.
DEBUG 2019-04-18 14:35:47,830 waiting for tasks
WARNING 2019-04-18 14:35:52,836 Failed to retrieve tasks. Database unreachable.
DEBUG 2019-04-18 14:35:52,837 waiting for tasks
WARNING 2019-04-18 14:35:57,842 Failed to retrieve tasks. Database unreachable.
DEBUG 2019-04-18 14:35:57,842 waiting for tasks
WARNING 2019-04-18 14:36:02,849 Failed to retrieve tasks. Database unreachable.
DEBUG 2019-04-18 14:36:02,849 waiting for tasks
WARNING 2019-04-18 14:36:07,852 Failed to retrieve tasks. Database unreachable.
DEBUG 2019-04-18 14:36:07,852 waiting for tasks
WARNING 2019-04-18 14:36:12,858 Failed to retrieve tasks. Database unreachable.
DEBUG 2019-04-18 14:36:12,858 waiting for tasks
WARNING 2019-04-18 14:36:17,862 Failed to retrieve tasks. Database unreachable.
DEBUG 2019-04-18 14:36:17,863 waiting for tasks
WARNING 2019-04-18 14:36:22,869 Failed to retrieve tasks. Database unreachable.
DEBUG 2019-04-18 14:36:22,869 waiting for tasks
WARNING 2019-04-18 14:36:27,876 Failed to retrieve tasks. Database unreachable.
DEBUG 2019-04-18 14:36:27,876 waiting for tasks
WARNING 2019-04-18 14:36:32,882 Failed to retrieve tasks. Database unreachable.
DEBUG 2019-04-18 14:36:32,883 waiting for tasks
WARNING 2019-04-18 14:36:37,888 Failed to retrieve tasks. Database unreachable.
DEBUG 2019-04-18 14:36:37,888 waiting for tasks
WARNING 2019-04-18 14:36:42,892 Failed to retrieve tasks. Database unreachable.
DEBUG 2019-04-18 14:36:42,892 waiting for tasks
WARNING 2019-04-18 14:36:47,896 Failed to retrieve tasks. Database unreachable.
DEBUG 2019-04-18 14:36:47,896 waiting for tasks
WARNING 2019-04-18 14:36:52,905 Failed to retrieve tasks. Database unreachable.
DEBUG 2019-04-18 14:36:52,905 waiting for tasks
WARNING 2019-04-18 14:36:57,908 Failed to retrieve tasks. Database unreachable.
DEBUG 2019-04-18 14:36:57,908 waiting for tasks
WARNING 2019-04-18 14:37:02,917 Failed to retrieve tasks. Database unreachable.
DEBUG 2019-04-18 14:37:02,917 waiting for tasks
WARNING 2019-04-18 14:37:07,925 Failed to retrieve tasks. Database unreachable.
DEBUG 2019-04-18 14:37:07,925 waiting for tasks
WARNING 2019-04-18 14:37:12,930 Failed to retrieve tasks. Database unreachable.
DEBUG 2019-04-18 14:37:12,930 waiting for tasks
WARNING 2019-04-18 14:37:17,935 Failed to retrieve tasks. Database unreachable.
DEBUG 2019-04-18 14:37:17,935 waiting for tasks
WARNING 2019-04-18 14:37:22,942 Failed to retrieve tasks. Database unreachable.
DEBUG 2019-04-18 14:37:22,942 waiting for tasks
WARNING 2019-04-18 14:37:27,948 Failed to retrieve tasks. Database unreachable.
DEBUG 2019-04-18 14:37:27,948 waiting for tasks
WARNING 2019-04-18 14:37:32,954 Failed to retrieve tasks. Database unreachable.
DEBUG 2019-04-18 14:37:32,954 waiting for tasks
WARNING 2019-04-18 14:37:37,961 Failed to retrieve tasks. Database unreachable.
DEBUG 2019-04-18 14:37:37,961 waiting for tasks
WARNING 2019-04-18 14:37:42,969 Failed to retrieve tasks. Database unreachable.
DEBUG 2019-04-18 14:37:42,969 waiting for tasks
WARNING 2019-04-18 14:37:47,974 Failed to retrieve tasks. Database unreachable.
DEBUG 2019-04-18 14:37:47,974 waiting for tasks
WARNING 2019-04-18 14:37:52,981 Failed to retrieve tasks. Database unreachable.
DEBUG 2019-04-18 14:37:52,981 waiting for tasks
WARNING 2019-04-18 14:37:57,991 Failed to retrieve tasks. Database unreachable.
DEBUG 2019-04-18 14:37:57,991 waiting for tasks
WARNING 2019-04-18 14:38:02,996 Failed to retrieve tasks. Database unreachable.
DEBUG 2019-04-18 14:38:02,996 waiting for tasks
WARNING 2019-04-18 14:38:08,002 Failed to retrieve tasks. Database unreachable.
DEBUG 2019-04-18 14:38:08,002 waiting for tasks
WARNING 2019-04-18 14:38:13,009 Failed to retrieve tasks. Database unreachable.
DEBUG 2019-04-18 14:38:13,009 waiting for tasks
WARNING 2019-04-18 14:38:18,012 Failed to retrieve tasks. Database unreachable.
DEBUG 2019-04-18 14:38:18,012 waiting for tasks
WARNING 2019-04-18 14:38:23,014 Failed to retrieve tasks. Database unreachable.
DEBUG 2019-04-18 14:38:23,014 waiting for tasks
WARNING 2019-04-18 14:38:28,021 Failed to retrieve tasks. Database unreachable.
DEBUG 2019-04-18 14:38:28,021 waiting for tasks
WARNING 2019-04-18 14:38:33,029 Failed to retrieve tasks. Database unreachable.
DEBUG 2019-04-18 14:38:33,029 waiting for tasks
WARNING 2019-04-18 14:38:38,036 Failed to retrieve tasks. Database unreachable.
DEBUG 2019-04-18 14:38:38,037 waiting for tasks
WARNING 2019-04-18 14:38:43,044 Failed to retrieve tasks. Database unreachable.
DEBUG 2019-04-18 14:38:43,044 waiting for tasks
WARNING 2019-04-18 14:38:48,070 Failed to retrieve tasks. Database unreachable.
DEBUG 2019-04-18 14:38:48,070 waiting for tasks
WARNING 2019-04-18 14:38:53,077 Failed to retrieve tasks. Database unreachable.
DEBUG 2019-04-18 14:38:53,077 waiting for tasks
WARNING 2019-04-18 14:38:58,083 Failed to retrieve tasks. Database unreachable.
DEBUG 2019-04-18 14:38:58,083 waiting for tasks
WARNING 2019-04-18 14:39:03,090 Failed to retrieve tasks. Database unreachable.
DEBUG 2019-04-18 14:39:03,090 waiting for tasks
WARNING 2019-04-18 14:39:08,096 Failed to retrieve tasks. Database unreachable.
DEBUG 2019-04-18 14:39:08,096 waiting for tasks
WARNING 2019-04-18 14:39:13,101 Failed to retrieve tasks. Database unreachable.
DEBUG 2019-04-18 14:39:13,101 waiting for tasks
WARNING 2019-04-18 14:39:18,105 Failed to retrieve tasks. Database unreachable.
DEBUG 2019-04-18 14:39:18,105 waiting for tasks
WARNING 2019-04-18 14:39:23,108 Failed to retrieve tasks. Database unreachable.
DEBUG 2019-04-18 14:39:23,109 waiting for tasks
WARNING 2019-04-18 14:39:28,115 Failed to retrieve tasks. Database unreachable.
DEBUG 2019-04-18 14:39:28,116 waiting for tasks
WARNING 2019-04-18 14:39:33,119 Failed to retrieve tasks. Database unreachable.
DEBUG 2019-04-18 14:39:33,119 waiting for tasks
WARNING 2019-04-18 14:39:35,860 Not Found: /
WARNING 2019-04-18 14:39:35,860 Not Found: /
WARNING 2019-04-18 14:39:38,126 Failed to retrieve tasks. Database unreachable.
DEBUG 2019-04-18 14:39:38,127 waiting for tasks
WARNING 2019-04-18 14:39:39,832 Not Found: /
WARNING 2019-04-18 14:39:39,832 Not Found: /
WARNING 2019-04-18 14:39:43,132 Failed to retrieve tasks. Database unreachable.
DEBUG 2019-04-18 14:39:43,132 waiting for tasks
WARNING 2019-04-18 14:39:46,187 Method Not Allowed: /test_work
WARNING 2019-04-18 14:39:46,187 Method Not Allowed: /test_work
WARNING 2019-04-18 14:39:46,228 Not Found: /static/rest_framework/css/bootstrap.min.css
WARNING 2019-04-18 14:39:46,228 Not Found: /static/rest_framework/css/bootstrap.min.css
WARNING 2019-04-18 14:39:46,255 Not Found: /static/rest_framework/css/bootstrap-tweaks.css
WARNING 2019-04-18 14:39:46,255 Not Found: /static/rest_framework/css/bootstrap-tweaks.css
WARNING 2019-04-18 14:39:46,276 Not Found: /static/rest_framework/css/prettify.css
WARNING 2019-04-18 14:39:46,276 Not Found: /static/rest_framework/css/prettify.css
WARNING 2019-04-18 14:39:46,301 Not Found: /static/rest_framework/css/default.css
WARNING 2019-04-18 14:39:46,301 Not Found: /static/rest_framework/css/default.css
WARNING 2019-04-18 14:39:46,312 Not Found: /static/rest_framework/js/jquery-3.3.1.min.js
WARNING 2019-04-18 14:39:46,312 Not Found: /static/rest_framework/js/jquery-3.3.1.min.js
WARNING 2019-04-18 14:39:46,328 Not Found: /static/rest_framework/js/ajax-form.js
WARNING 2019-04-18 14:39:46,328 Not Found: /static/rest_framework/js/ajax-form.js
WARNING 2019-04-18 14:39:46,339 Not Found: /static/rest_framework/js/csrf.js
WARNING 2019-04-18 14:39:46,339 Not Found: /static/rest_framework/js/csrf.js
WARNING 2019-04-18 14:39:46,351 Not Found: /static/rest_framework/js/bootstrap.min.js
WARNING 2019-04-18 14:39:46,351 Not Found: /static/rest_framework/js/bootstrap.min.js
WARNING 2019-04-18 14:39:46,365 Not Found: /static/rest_framework/js/prettify-min.js
WARNING 2019-04-18 14:39:46,365 Not Found: /static/rest_framework/js/prettify-min.js
WARNING 2019-04-18 14:39:46,378 Not Found: /static/rest_framework/js/default.js
WARNING 2019-04-18 14:39:46,378 Not Found: /static/rest_framework/js/default.js
WARNING 2019-04-18 14:39:46,409 Not Found: /static/rest_framework/js/ajax-form.js
WARNING 2019-04-18 14:39:46,409 Not Found: /static/rest_framework/js/ajax-form.js
WARNING 2019-04-18 14:39:46,470 Not Found: /static/rest_framework/js/csrf.js
WARNING 2019-04-18 14:39:46,470 Not Found: /static/rest_framework/js/csrf.js
WARNING 2019-04-18 14:39:46,531 Not Found: /static/rest_framework/js/bootstrap.min.js
WARNING 2019-04-18 14:39:46,531 Not Found: /static/rest_framework/js/bootstrap.min.js
WARNING 2019-04-18 14:39:46,594 Not Found: /static/rest_framework/js/prettify-min.js
WARNING 2019-04-18 14:39:46,594 Not Found: /static/rest_framework/js/prettify-min.js
WARNING 2019-04-18 14:39:46,660 Not Found: /static/rest_framework/js/default.js
WARNING 2019-04-18 14:39:46,660 Not Found: /static/rest_framework/js/default.js
WARNING 2019-04-18 14:39:48,137 Failed to retrieve tasks. Database unreachable.
DEBUG 2019-04-18 14:39:48,137 waiting for tasks
WARNING 2019-04-18 14:39:53,144 Failed to retrieve tasks. Database unreachable.
DEBUG 2019-04-18 14:39:53,144 waiting for tasks
WARNING 2019-04-18 14:39:54,999 Method Not Allowed: /test_work
WARNING 2019-04-18 14:39:54,999 Method Not Allowed: /test_work
WARNING 2019-04-18 14:39:58,146 Failed to retrieve tasks. Database unreachable.
DEBUG 2019-04-18 14:39:58,146 waiting for tasks
WARNING 2019-04-18 14:40:03,152 Failed to retrieve tasks. Database unreachable.
DEBUG 2019-04-18 14:40:03,152 waiting for tasks
WARNING 2019-04-18 14:40:08,155 Failed to retrieve tasks. Database unreachable.
DEBUG 2019-04-18 14:40:08,156 waiting for tasks
WARNING 2019-04-18 14:40:13,164 Failed to retrieve tasks. Database unreachable.
DEBUG 2019-04-18 14:40:13,164 waiting for tasks
WARNING 2019-04-18 14:40:18,169 Failed to retrieve tasks. Database unreachable.
DEBUG 2019-04-18 14:40:18,169 waiting for tasks
WARNING 2019-04-18 14:40:23,176 Failed to retrieve tasks. Database unreachable.
DEBUG 2019-04-18 14:40:23,176 waiting for tasks
WARNING 2019-04-18 14:40:28,182 Failed to retrieve tasks. Database unreachable.
DEBUG 2019-04-18 14:40:28,183 waiting for tasks
WARNING 2019-04-18 14:40:33,188 Failed to retrieve tasks. Database unreachable.
DEBUG 2019-04-18 14:40:33,188 waiting for tasks
WARNING 2019-04-18 14:40:38,192 Failed to retrieve tasks. Database unreachable.
DEBUG 2019-04-18 14:40:38,192 waiting for tasks
WARNING 2019-04-18 14:40:43,199 Failed to retrieve tasks. Database unreachable.
DEBUG 2019-04-18 14:40:43,199 waiting for tasks
WARNING 2019-04-18 14:40:48,204 Failed to retrieve tasks. Database unreachable.
DEBUG 2019-04-18 14:40:48,204 waiting for tasks
WARNING 2019-04-18 14:40:53,210 Failed to retrieve tasks. Database unreachable.
DEBUG 2019-04-18 14:40:53,210 waiting for tasks
WARNING 2019-04-18 14:40:58,216 Failed to retrieve tasks. Database unreachable.
DEBUG 2019-04-18 14:40:58,216 waiting for tasks
WARNING 2019-04-18 14:41:03,227 Failed to retrieve tasks. Database unreachable.
DEBUG 2019-04-18 14:41:03,227 waiting for tasks
WARNING 2019-04-18 14:41:08,231 Failed to retrieve tasks. Database unreachable.
DEBUG 2019-04-18 14:41:08,232 waiting for tasks
WARNING 2019-04-18 14:41:13,238 Failed to retrieve tasks. Database unreachable.
DEBUG 2019-04-18 14:41:13,238 waiting for tasks
WARNING 2019-04-18 14:41:18,245 Failed to retrieve tasks. Database unreachable.
DEBUG 2019-04-18 14:41:18,245 waiting for tasks
WARNING 2019-04-18 14:41:23,251 Failed to retrieve tasks. Database unreachable.
DEBUG 2019-04-18 14:41:23,251 waiting for tasks
WARNING 2019-04-18 14:41:28,256 Failed to retrieve tasks. Database unreachable.
DEBUG 2019-04-18 14:41:28,256 waiting for tasks
WARNING 2019-04-18 14:41:33,263 Failed to retrieve tasks. Database unreachable.
DEBUG 2019-04-18 14:41:33,263 waiting for tasks
WARNING 2019-04-18 14:41:38,268 Failed to retrieve tasks. Database unreachable.
DEBUG 2019-04-18 14:41:38,269 waiting for tasks
WARNING 2019-04-18 14:41:43,272 Failed to retrieve tasks. Database unreachable.
DEBUG 2019-04-18 14:41:43,272 waiting for tasks
WARNING 2019-04-18 14:41:48,279 Failed to retrieve tasks. Database unreachable.
DEBUG 2019-04-18 14:41:48,279 waiting for tasks
WARNING 2019-04-18 14:41:53,286 Failed to retrieve tasks. Database unreachable.
DEBUG 2019-04-18 14:41:53,286 waiting for tasks
WARNING 2019-04-18 14:41:58,292 Failed to retrieve tasks. Database unreachable.
DEBUG 2019-04-18 14:41:58,292 waiting for tasks
WARNING 2019-04-18 14:42:03,296 Failed to retrieve tasks. Database unreachable.
DEBUG 2019-04-18 14:42:03,296 waiting for tasks
WARNING 2019-04-18 14:42:08,301 Failed to retrieve tasks. Database unreachable.
DEBUG 2019-04-18 14:42:08,301 waiting for tasks
WARNING 2019-04-18 14:42:13,304 Failed to retrieve tasks. Database unreachable.
DEBUG 2019-04-18 14:42:13,304 waiting for tasks
WARNING 2019-04-18 14:42:18,314 Failed to retrieve tasks. Database unreachable.
DEBUG 2019-04-18 14:42:18,314 waiting for tasks
WARNING 2019-04-18 14:42:23,321 Failed to retrieve tasks. Database unreachable.
DEBUG 2019-04-18 14:42:23,321 waiting for tasks
WARNING 2019-04-18 14:42:28,328 Failed to retrieve tasks. Database unreachable.
DEBUG 2019-04-18 14:42:28,328 waiting for tasks
WARNING 2019-04-18 14:42:33,332 Failed to retrieve tasks. Database unreachable.
DEBUG 2019-04-18 14:42:33,332 waiting for tasks
WARNING 2019-04-18 14:42:38,339 Failed to retrieve tasks. Database unreachable.
DEBUG 2019-04-18 14:42:38,339 waiting for tasks
WARNING 2019-04-18 14:42:43,347 Failed to retrieve tasks. Database unreachable.
DEBUG 2019-04-18 14:42:43,347 waiting for tasks
WARNING 2019-04-18 14:42:48,354 Failed to retrieve tasks. Database unreachable.
DEBUG 2019-04-18 14:42:48,354 waiting for tasks
WARNING 2019-04-18 14:42:53,360 Failed to retrieve tasks. Database unreachable.
DEBUG 2019-04-18 14:42:53,360 waiting for tasks
WARNING 2019-04-18 14:42:58,368 Failed to retrieve tasks. Database unreachable.
DEBUG 2019-04-18 14:42:58,368 waiting for tasks
WARNING 2019-04-18 14:43:03,372 Failed to retrieve tasks. Database unreachable.
DEBUG 2019-04-18 14:43:03,372 waiting for tasks
WARNING 2019-04-18 14:43:08,376 Failed to retrieve tasks. Database unreachable.
DEBUG 2019-04-18 14:43:08,376 waiting for tasks
WARNING 2019-04-18 14:43:13,379 Failed to retrieve tasks. Database unreachable.
DEBUG 2019-04-18 14:43:13,380 waiting for tasks
WARNING 2019-04-18 14:43:18,384 Failed to retrieve tasks. Database unreachable.
DEBUG 2019-04-18 14:43:18,384 waiting for tasks
WARNING 2019-04-18 14:43:23,403 Failed to retrieve tasks. Database unreachable.
DEBUG 2019-04-18 14:43:23,404 waiting for tasks
WARNING 2019-04-18 14:43:28,411 Failed to retrieve tasks. Database unreachable.
DEBUG 2019-04-18 14:43:28,411 waiting for tasks
WARNING 2019-04-18 14:43:33,418 Failed to retrieve tasks. Database unreachable.
DEBUG 2019-04-18 14:43:33,418 waiting for tasks
WARNING 2019-04-18 14:43:38,425 Failed to retrieve tasks. Database unreachable.
DEBUG 2019-04-18 14:43:38,425 waiting for tasks
WARNING 2019-04-18 14:43:43,429 Failed to retrieve tasks. Database unreachable.
DEBUG 2019-04-18 14:43:43,429 waiting for tasks
WARNING 2019-04-18 14:43:48,431 Failed to retrieve tasks. Database unreachable.
DEBUG 2019-04-18 14:43:48,432 waiting for tasks
WARNING 2019-04-18 14:43:53,439 Failed to retrieve tasks. Database unreachable.
DEBUG 2019-04-18 14:43:53,439 waiting for tasks
WARNING 2019-04-18 14:43:58,447 Failed to retrieve tasks. Database unreachable.
DEBUG 2019-04-18 14:43:58,447 waiting for tasks
WARNING 2019-04-18 14:44:03,457 Failed to retrieve tasks. Database unreachable.
DEBUG 2019-04-18 14:44:03,457 waiting for tasks
WARNING 2019-04-18 14:44:08,468 Failed to retrieve tasks. Database unreachable.
DEBUG 2019-04-18 14:44:08,468 waiting for tasks
WARNING 2019-04-18 14:44:13,476 Failed to retrieve tasks. Database unreachable.
DEBUG 2019-04-18 14:44:13,476 waiting for tasks
WARNING 2019-04-18 14:44:18,481 Failed to retrieve tasks. Database unreachable.
DEBUG 2019-04-18 14:44:18,481 waiting for tasks
WARNING 2019-04-18 14:44:23,488 Failed to retrieve tasks. Database unreachable.
DEBUG 2019-04-18 14:44:23,489 waiting for tasks
WARNING 2019-04-18 14:44:28,501 Failed to retrieve tasks. Database unreachable.
DEBUG 2019-04-18 14:44:28,501 waiting for tasks
WARNING 2019-04-18 14:44:33,509 Failed to retrieve tasks. Database unreachable.
DEBUG 2019-04-18 14:44:33,509 waiting for tasks
WARNING 2019-04-18 14:44:38,515 Failed to retrieve tasks. Database unreachable.
DEBUG 2019-04-18 14:44:38,515 waiting for tasks
WARNING 2019-04-18 14:44:43,521 Failed to retrieve tasks. Database unreachable.
DEBUG 2019-04-18 14:44:43,521 waiting for tasks
WARNING 2019-04-18 14:44:48,529 Failed to retrieve tasks. Database unreachable.
DEBUG 2019-04-18 14:44:48,529 waiting for tasks
WARNING 2019-04-18 14:44:53,537 Failed to retrieve tasks. Database unreachable.
DEBUG 2019-04-18 14:44:53,537 waiting for tasks
WARNING 2019-04-18 14:44:58,544 Failed to retrieve tasks. Database unreachable.
DEBUG 2019-04-18 14:44:58,544 waiting for tasks
WARNING 2019-04-18 14:45:03,552 Failed to retrieve tasks. Database unreachable.
DEBUG 2019-04-18 14:45:03,552 waiting for tasks
WARNING 2019-04-18 14:45:08,559 Failed to retrieve tasks. Database unreachable.
DEBUG 2019-04-18 14:45:08,559 waiting for tasks
WARNING 2019-04-18 14:45:13,567 Failed to retrieve tasks. Database unreachable.
DEBUG 2019-04-18 14:45:13,567 waiting for tasks
WARNING 2019-04-18 14:45:18,575 Failed to retrieve tasks. Database unreachable.
DEBUG 2019-04-18 14:45:18,575 waiting for tasks
WARNING 2019-04-18 14:45:23,580 Failed to retrieve tasks. Database unreachable.
DEBUG 2019-04-18 14:45:23,580 waiting for tasks
WARNING 2019-04-18 14:45:28,595 Failed to retrieve tasks. Database unreachable.
DEBUG 2019-04-18 14:45:28,596 waiting for tasks
WARNING 2019-04-18 14:45:33,603 Failed to retrieve tasks. Database unreachable.
DEBUG 2019-04-18 14:45:33,603 waiting for tasks
WARNING 2019-04-18 14:45:38,610 Failed to retrieve tasks. Database unreachable.
DEBUG 2019-04-18 14:45:38,610 waiting for tasks
WARNING 2019-04-18 14:45:43,619 Failed to retrieve tasks. Database unreachable.
DEBUG 2019-04-18 14:45:43,619 waiting for tasks
WARNING 2019-04-18 14:45:48,624 Failed to retrieve tasks. Database unreachable.
DEBUG 2019-04-18 14:45:48,624 waiting for tasks
WARNING 2019-04-18 14:45:53,631 Failed to retrieve tasks. Database unreachable.
DEBUG 2019-04-18 14:45:53,631 waiting for tasks
WARNING 2019-04-18 14:45:58,638 Failed to retrieve tasks. Database unreachable.
DEBUG 2019-04-18 14:45:58,638 waiting for tasks
WARNING 2019-04-18 14:46:03,644 Failed to retrieve tasks. Database unreachable.
DEBUG 2019-04-18 14:46:03,644 waiting for tasks
WARNING 2019-04-18 14:46:08,650 Failed to retrieve tasks. Database unreachable.
DEBUG 2019-04-18 14:46:08,650 waiting for tasks
WARNING 2019-04-18 14:46:13,655 Failed to retrieve tasks. Database unreachable.
DEBUG 2019-04-18 14:46:13,655 waiting for tasks
WARNING 2019-04-18 14:46:18,657 Failed to retrieve tasks. Database unreachable.
DEBUG 2019-04-18 14:46:18,658 waiting for tasks
WARNING 2019-04-18 14:46:23,663 Failed to retrieve tasks. Database unreachable.
DEBUG 2019-04-18 14:46:23,663 waiting for tasks
WARNING 2019-04-18 14:46:28,670 Failed to retrieve tasks. Database unreachable.
DEBUG 2019-04-18 14:46:28,670 waiting for tasks
WARNING 2019-04-18 14:46:33,676 Failed to retrieve tasks. Database unreachable.
DEBUG 2019-04-18 14:46:33,676 waiting for tasks
WARNING 2019-04-18 14:46:38,683 Failed to retrieve tasks. Database unreachable.
DEBUG 2019-04-18 14:46:38,683 waiting for tasks
WARNING 2019-04-18 14:46:43,689 Failed to retrieve tasks. Database unreachable.
DEBUG 2019-04-18 14:46:43,690 waiting for tasks
WARNING 2019-04-18 14:46:48,695 Failed to retrieve tasks. Database unreachable.
DEBUG 2019-04-18 14:46:48,695 waiting for tasks
WARNING 2019-04-18 14:46:53,700 Failed to retrieve tasks. Database unreachable.
DEBUG 2019-04-18 14:46:53,700 waiting for tasks
WARNING 2019-04-18 14:46:58,707 Failed to retrieve tasks. Database unreachable.
DEBUG 2019-04-18 14:46:58,707 waiting for tasks
WARNING 2019-04-18 14:47:03,714 Failed to retrieve tasks. Database unreachable.
DEBUG 2019-04-18 14:47:03,714 waiting for tasks
WARNING 2019-04-18 14:47:08,719 Failed to retrieve tasks. Database unreachable.
DEBUG 2019-04-18 14:47:08,719 waiting for tasks
WARNING 2019-04-18 14:47:13,723 Failed to retrieve tasks. Database unreachable.
DEBUG 2019-04-18 14:47:13,724 waiting for tasks
WARNING 2019-04-18 14:47:18,727 Failed to retrieve tasks. Database unreachable.
DEBUG 2019-04-18 14:47:18,728 waiting for tasks
WARNING 2019-04-18 14:47:23,734 Failed to retrieve tasks. Database unreachable.
DEBUG 2019-04-18 14:47:23,734 waiting for tasks
WARNING 2019-04-18 14:47:28,740 Failed to retrieve tasks. Database unreachable.
DEBUG 2019-04-18 14:47:28,741 waiting for tasks
WARNING 2019-04-18 14:47:33,745 Failed to retrieve tasks. Database unreachable.
DEBUG 2019-04-18 14:47:33,745 waiting for tasks
WARNING 2019-04-18 14:47:38,751 Failed to retrieve tasks. Database unreachable.
DEBUG 2019-04-18 14:47:38,752 waiting for tasks
WARNING 2019-04-18 14:47:43,756 Failed to retrieve tasks. Database unreachable.
DEBUG 2019-04-18 14:47:43,756 waiting for tasks
WARNING 2019-04-18 14:47:48,760 Failed to retrieve tasks. Database unreachable.
DEBUG 2019-04-18 14:47:48,760 waiting for tasks
WARNING 2019-04-18 14:47:53,764 Failed to retrieve tasks. Database unreachable.
DEBUG 2019-04-18 14:47:53,764 waiting for tasks
WARNING 2019-04-18 14:47:58,768 Failed to retrieve tasks. Database unreachable.
DEBUG 2019-04-18 14:47:58,768 waiting for tasks
WARNING 2019-04-18 14:48:03,772 Failed to retrieve tasks. Database unreachable.
DEBUG 2019-04-18 14:48:03,772 waiting for tasks
WARNING 2019-04-18 14:48:08,776 Failed to retrieve tasks. Database unreachable.
DEBUG 2019-04-18 14:48:08,776 waiting for tasks
WARNING 2019-04-18 14:48:13,781 Failed to retrieve tasks. Database unreachable.
DEBUG 2019-04-18 14:48:13,787 waiting for tasks
WARNING 2019-04-18 14:48:18,792 Failed to retrieve tasks. Database unreachable.
DEBUG 2019-04-18 14:48:18,792 waiting for tasks
WARNING 2019-04-18 14:48:23,796 Failed to retrieve tasks. Database unreachable.
DEBUG 2019-04-18 14:48:23,796 waiting for tasks
WARNING 2019-04-18 14:48:28,800 Failed to retrieve tasks. Database unreachable.
DEBUG 2019-04-18 14:48:28,800 waiting for tasks
WARNING 2019-04-18 14:48:33,805 Failed to retrieve tasks. Database unreachable.
DEBUG 2019-04-18 14:48:33,807 waiting for tasks
WARNING 2019-04-18 14:48:38,811 Failed to retrieve tasks. Database unreachable.
DEBUG 2019-04-18 14:48:38,812 waiting for tasks
WARNING 2019-04-18 14:48:43,817 Failed to retrieve tasks. Database unreachable.
DEBUG 2019-04-18 14:48:43,818 waiting for tasks
WARNING 2019-04-18 14:48:48,822 Failed to retrieve tasks. Database unreachable.
DEBUG 2019-04-18 14:48:48,823 waiting for tasks
WARNING 2019-04-18 14:48:53,828 Failed to retrieve tasks. Database unreachable.
DEBUG 2019-04-18 14:48:53,828 waiting for tasks
WARNING 2019-04-18 14:48:58,834 Failed to retrieve tasks. Database unreachable.
DEBUG 2019-04-18 14:48:58,834 waiting for tasks
WARNING 2019-04-18 14:49:03,840 Failed to retrieve tasks. Database unreachable.
DEBUG 2019-04-18 14:49:03,840 waiting for tasks
WARNING 2019-04-18 14:49:08,843 Failed to retrieve tasks. Database unreachable.
DEBUG 2019-04-18 14:49:08,843 waiting for tasks
WARNING 2019-04-18 14:49:13,847 Failed to retrieve tasks. Database unreachable.
DEBUG 2019-04-18 14:49:13,847 waiting for tasks
WARNING 2019-04-18 14:49:18,852 Failed to retrieve tasks. Database unreachable.
DEBUG 2019-04-18 14:49:18,853 waiting for tasks
WARNING 2019-04-18 14:49:23,860 Failed to retrieve tasks. Database unreachable.
DEBUG 2019-04-18 14:49:23,860 waiting for tasks
WARNING 2019-04-18 14:49:28,866 Failed to retrieve tasks. Database unreachable.
DEBUG 2019-04-18 14:49:28,867 waiting for tasks
WARNING 2019-04-18 14:49:33,871 Failed to retrieve tasks. Database unreachable.
DEBUG 2019-04-18 14:49:33,871 waiting for tasks
WARNING 2019-04-18 14:49:38,878 Failed to retrieve tasks. Database unreachable.
DEBUG 2019-04-18 14:49:38,878 waiting for tasks
WARNING 2019-04-18 14:49:43,882 Failed to retrieve tasks. Database unreachable.
DEBUG 2019-04-18 14:49:43,882 waiting for tasks
WARNING 2019-04-18 14:49:48,889 Failed to retrieve tasks. Database unreachable.
DEBUG 2019-04-18 14:49:48,890 waiting for tasks
WARNING 2019-04-18 14:49:53,894 Failed to retrieve tasks. Database unreachable.
DEBUG 2019-04-18 14:49:53,894 waiting for tasks
WARNING 2019-04-18 14:49:58,897 Failed to retrieve tasks. Database unreachable.
DEBUG 2019-04-18 14:49:58,897 waiting for tasks
WARNING 2019-04-18 14:50:03,903 Failed to retrieve tasks. Database unreachable.
DEBUG 2019-04-18 14:50:03,903 waiting for tasks
WARNING 2019-04-18 14:50:08,906 Failed to retrieve tasks. Database unreachable.
DEBUG 2019-04-18 14:50:08,906 waiting for tasks
WARNING 2019-04-18 14:50:13,908 Failed to retrieve tasks. Database unreachable.
DEBUG 2019-04-18 14:50:13,908 waiting for tasks
WARNING 2019-04-18 14:50:18,912 Failed to retrieve tasks. Database unreachable.
DEBUG 2019-04-18 14:50:18,913 waiting for tasks
WARNING 2019-04-18 14:50:23,918 Failed to retrieve tasks. Database unreachable.
DEBUG 2019-04-18 14:50:23,919 waiting for tasks
WARNING 2019-04-18 14:50:28,924 Failed to retrieve tasks. Database unreachable.
DEBUG 2019-04-18 14:50:28,925 waiting for tasks
WARNING 2019-04-18 14:50:33,929 Failed to retrieve tasks. Database unreachable.
DEBUG 2019-04-18 14:50:33,930 waiting for tasks
WARNING 2019-04-18 14:50:38,936 Failed to retrieve tasks. Database unreachable.
DEBUG 2019-04-18 14:50:38,936 waiting for tasks
WARNING 2019-04-18 14:50:43,938 Failed to retrieve tasks. Database unreachable.
DEBUG 2019-04-18 14:50:43,939 waiting for tasks
WARNING 2019-04-18 14:50:48,944 Failed to retrieve tasks. Database unreachable.
DEBUG 2019-04-18 14:50:48,944 waiting for tasks
WARNING 2019-04-18 14:50:53,950 Failed to retrieve tasks. Database unreachable.
DEBUG 2019-04-18 14:50:53,950 waiting for tasks
WARNING 2019-04-18 14:50:58,953 Failed to retrieve tasks. Database unreachable.
DEBUG 2019-04-18 14:50:58,953 waiting for tasks
WARNING 2019-04-18 14:51:03,957 Failed to retrieve tasks. Database unreachable.
DEBUG 2019-04-18 14:51:03,957 waiting for tasks
WARNING 2019-04-18 14:51:08,964 Failed to retrieve tasks. Database unreachable.
DEBUG 2019-04-18 14:51:08,965 waiting for tasks
WARNING 2019-04-18 14:51:13,971 Failed to retrieve tasks. Database unreachable.
DEBUG 2019-04-18 14:51:13,972 waiting for tasks
WARNING 2019-04-18 14:51:18,978 Failed to retrieve tasks. Database unreachable.
DEBUG 2019-04-18 14:51:18,979 waiting for tasks
WARNING 2019-04-18 14:51:23,985 Failed to retrieve tasks. Database unreachable.
DEBUG 2019-04-18 14:51:23,985 waiting for tasks
WARNING 2019-04-18 14:51:28,992 Failed to retrieve tasks. Database unreachable.
DEBUG 2019-04-18 14:51:28,993 waiting for tasks
WARNING 2019-04-18 14:51:33,999 Failed to retrieve tasks. Database unreachable.
DEBUG 2019-04-18 14:51:33,999 waiting for tasks
WARNING 2019-04-18 14:51:39,003 Failed to retrieve tasks. Database unreachable.
DEBUG 2019-04-18 14:51:39,003 waiting for tasks
WARNING 2019-04-18 14:51:44,009 Failed to retrieve tasks. Database unreachable.
DEBUG 2019-04-18 14:51:44,009 waiting for tasks
WARNING 2019-04-18 14:51:49,012 Failed to retrieve tasks. Database unreachable.
DEBUG 2019-04-18 14:51:49,013 waiting for tasks
WARNING 2019-04-18 14:51:54,020 Failed to retrieve tasks. Database unreachable.
DEBUG 2019-04-18 14:51:54,020 waiting for tasks
WARNING 2019-04-18 14:51:59,022 Failed to retrieve tasks. Database unreachable.
DEBUG 2019-04-18 14:51:59,022 waiting for tasks
WARNING 2019-04-18 14:52:04,028 Failed to retrieve tasks. Database unreachable.
DEBUG 2019-04-18 14:52:04,029 waiting for tasks
WARNING 2019-04-18 14:52:09,034 Failed to retrieve tasks. Database unreachable.
DEBUG 2019-04-18 14:52:09,034 waiting for tasks
WARNING 2019-04-18 14:52:14,037 Failed to retrieve tasks. Database unreachable.
DEBUG 2019-04-18 14:52:14,037 waiting for tasks
WARNING 2019-04-18 14:52:19,044 Failed to retrieve tasks. Database unreachable.
DEBUG 2019-04-18 14:52:19,044 waiting for tasks
WARNING 2019-04-18 14:52:24,050 Failed to retrieve tasks. Database unreachable.
DEBUG 2019-04-18 14:52:24,050 waiting for tasks
WARNING 2019-04-18 14:52:29,054 Failed to retrieve tasks. Database unreachable.
DEBUG 2019-04-18 14:52:29,054 waiting for tasks
WARNING 2019-04-18 14:52:34,060 Failed to retrieve tasks. Database unreachable.
DEBUG 2019-04-18 14:52:34,060 waiting for tasks
